# JRE version: 7.0_25-b17
# Java VM: Java HotSpot(TM) 64-Bit Server VM (23.25-b01 mixed mode windows-amd64 compressed oops)
Heap
 PSYoungGen      total 216192K, used 53601K [0x00000000eae00000, 0x00000000fd4b0000, 0x0000000100000000)
  eden space 132800K, 1% used [0x00000000eae00000,0x00000000eb074df0,0x00000000f2fb0000)
  from space 83392K, 61% used [0x00000000f8340000,0x00000000fb5238a0,0x00000000fd4b0000)
  to   space 84480K, 0% used [0x00000000f2fb0000,0x00000000f2fb0000,0x00000000f8230000)
 ParOldGen       total 289536K, used 198480K [0x00000000c0a00000, 0x00000000d24c0000, 0x00000000eae00000)
  object space 289536K, 68% used [0x00000000c0a00000,0x00000000ccbd4348,0x00000000d24c0000)
 PSPermGen       total 32320K, used 19731K [0x00000000bb800000, 0x00000000bd790000, 0x00000000c0a00000)
  object space 32320K, 61% used [0x00000000bb800000,0x00000000bcb44e60,0x00000000bd790000)
GC Heap History (10 events):
Event: 24.224 GC heap before
{Heap before GC invocations=26 (full 4):
 PSYoungGen      total 198080K, used 165110K [0x00000000eae00000, 0x00000000fcc30000, 0x0000000100000000)
  eden space 113536K, 100% used [0x00000000eae00000,0x00000000f1ce0000,0x00000000f1ce0000)
  from space 84544K, 61% used [0x00000000f1ce0000,0x00000000f4f3dab0,0x00000000f6f70000)
  to   space 85632K, 0% used [0x00000000f7890000,0x00000000f7890000,0x00000000fcc30000)
 ParOldGen       total 289536K, used 198480K [0x00000000c0a00000, 0x00000000d24c0000, 0x00000000eae00000)
  object space 289536K, 68% used [0x00000000c0a00000,0x00000000ccbd4348,0x00000000d24c0000)
 PSPermGen       total 32320K, used 19646K [0x00000000bb800000, 0x00000000bd790000, 0x00000000c0a00000)
  object space 32320K, 60% used [0x00000000bb800000,0x00000000bcb2f948,0x00000000bd790000)
Event: 24.238 GC heap after
Heap after GC invocations=26 (full 4):
 PSYoungGen      total 206784K, used 51734K [0x00000000eae00000, 0x00000000fccb0000, 0x0000000100000000)
  eden space 121152K, 0% used [0x00000000eae00000,0x00000000eae00000,0x00000000f2450000)
  from space 85632K, 60% used [0x00000000f7890000,0x00000000fab15ab0,0x00000000fcc30000)
  to   space 86208K, 0% used [0x00000000f2450000,0x00000000f2450000,0x00000000f7880000)
 ParOldGen       total 289536K, used 198480K [0x00000000c0a00000, 0x00000000d24c0000, 0x00000000eae00000)
  object space 289536K, 68% used [0x00000000c0a00000,0x00000000ccbd4348,0x00000000d24c0000)
 PSPermGen       total 32320K, used 19646K [0x00000000bb800000, 0x00000000bd790000, 0x00000000c0a00000)
  object space 32320K, 60% used [0x00000000bb800000,0x00000000bcb2f948,0x00000000bd790000)
}
Event: 26.632 GC heap before
{Heap before GC invocations=27 (full 4):
 PSYoungGen      total 206784K, used 172886K [0x00000000eae00000, 0x00000000fccb0000, 0x0000000100000000)
  eden space 121152K, 100% used [0x00000000eae00000,0x00000000f2450000,0x00000000f2450000)
  from space 85632K, 60% used [0x00000000f7890000,0x00000000fab15ab0,0x00000000fcc30000)
  to   space 86208K, 0% used [0x00000000f2450000,0x00000000f2450000,0x00000000f7880000)
 ParOldGen       total 289536K, used 198480K [0x00000000c0a00000, 0x00000000d24c0000, 0x00000000eae00000)
  object space 289536K, 68% used [0x00000000c0a00000,0x00000000ccbd4348,0x00000000d24c0000)
 PSPermGen       total 32320K, used 19651K [0x00000000bb800000, 0x00000000bd790000, 0x00000000c0a00000)
  object space 32320K, 60% used [0x00000000bb800000,0x00000000bcb30db0,0x00000000bd790000)
Event: 26.644 GC heap after
Heap after GC invocations=27 (full 4):
 PSYoungGen      total 207360K, used 51574K [0x00000000eae00000, 0x00000000fd3e0000, 0x0000000100000000)
  eden space 121152K, 0% used [0x00000000eae00000,0x00000000eae00000,0x00000000f2450000)
  from space 86208K, 59% used [0x00000000f2450000,0x00000000f56adab0,0x00000000f7880000)
  to   space 86272K, 0% used [0x00000000f7fa0000,0x00000000f7fa0000,0x00000000fd3e0000)
 ParOldGen       total 289536K, used 198480K [0x00000000c0a00000, 0x00000000d24c0000, 0x00000000eae00000)
  object space 289536K, 68% used [0x00000000c0a00000,0x00000000ccbd4348,0x00000000d24c0000)
 PSPermGen       total 32320K, used 19651K [0x00000000bb800000, 0x00000000bd790000, 0x00000000c0a00000)
  object space 32320K, 60% used [0x00000000bb800000,0x00000000bcb30db0,0x00000000bd790000)
}
Event: 29.367 GC heap before
{Heap before GC invocations=28 (full 4):
 PSYoungGen      total 207360K, used 172726K [0x00000000eae00000, 0x00000000fd3e0000, 0x0000000100000000)
  eden space 121152K, 100% used [0x00000000eae00000,0x00000000f2450000,0x00000000f2450000)
  from space 86208K, 59% used [0x00000000f2450000,0x00000000f56adab0,0x00000000f7880000)
  to   space 86272K, 0% used [0x00000000f7fa0000,0x00000000f7fa0000,0x00000000fd3e0000)
 ParOldGen       total 289536K, used 198480K [0x00000000c0a00000, 0x00000000d24c0000, 0x00000000eae00000)
  object space 289536K, 68% used [0x00000000c0a00000,0x00000000ccbd4348,0x00000000d24c0000)
 PSPermGen       total 32320K, used 19661K [0x00000000bb800000, 0x00000000bd790000, 0x00000000c0a00000)
  object space 32320K, 60% used [0x00000000bb800000,0x00000000bcb335c8,0x00000000bd790000)
Event: 29.385 GC heap after
Heap after GC invocations=28 (full 4):
 PSYoungGen      total 213120K, used 51510K [0x00000000eae00000, 0x00000000fd2d0000, 0x0000000100000000)
  eden space 127936K, 0% used [0x00000000eae00000,0x00000000eae00000,0x00000000f2af0000)
  from space 85184K, 60% used [0x00000000f7fa0000,0x00000000fb1edab0,0x00000000fd2d0000)
  to   space 85952K, 0% used [0x00000000f2af0000,0x00000000f2af0000,0x00000000f7ee0000)
 ParOldGen       total 289536K, used 198480K [0x00000000c0a00000, 0x00000000d24c0000, 0x00000000eae00000)
  object space 289536K, 68% used [0x00000000c0a00000,0x00000000ccbd4348,0x00000000d24c0000)
 PSPermGen       total 32320K, used 19661K [0x00000000bb800000, 0x00000000bd790000, 0x00000000c0a00000)
  object space 32320K, 60% used [0x00000000bb800000,0x00000000bcb335c8,0x00000000bd790000)
}
Event: 31.555 GC heap before
{Heap before GC invocations=29 (full 4):
 PSYoungGen      total 213120K, used 179446K [0x00000000eae00000, 0x00000000fd2d0000, 0x0000000100000000)
  eden space 127936K, 100% used [0x00000000eae00000,0x00000000f2af0000,0x00000000f2af0000)
  from space 85184K, 60% used [0x00000000f7fa0000,0x00000000fb1edab0,0x00000000fd2d0000)
  to   space 85952K, 0% used [0x00000000f2af0000,0x00000000f2af0000,0x00000000f7ee0000)
 ParOldGen       total 289536K, used 198480K [0x00000000c0a00000, 0x00000000d24c0000, 0x00000000eae00000)
  object space 289536K, 68% used [0x00000000c0a00000,0x00000000ccbd4348,0x00000000d24c0000)
 PSPermGen       total 32320K, used 19666K [0x00000000bb800000, 0x00000000bd790000, 0x00000000c0a00000)
  object space 32320K, 60% used [0x00000000bb800000,0x00000000bcb349f0,0x00000000bd790000)
Event: 31.568 GC heap after
Heap after GC invocations=29 (full 4):
 PSYoungGen      total 213888K, used 51734K [0x00000000eae00000, 0x00000000fd6b0000, 0x0000000100000000)
  eden space 127936K, 0% used [0x00000000eae00000,0x00000000eae00000,0x00000000f2af0000)
  from space 85952K, 60% used [0x00000000f2af0000,0x00000000f5d75ab0,0x00000000f7ee0000)
  to   space 85440K, 0% used [0x00000000f8340000,0x00000000f8340000,0x00000000fd6b0000)
 ParOldGen       total 289536K, used 198480K [0x00000000c0a00000, 0x00000000d24c0000, 0x00000000eae00000)
  object space 289536K, 68% used [0x00000000c0a00000,0x00000000ccbd4348,0x00000000d24c0000)
 PSPermGen       total 32320K, used 19666K [0x00000000bb800000, 0x00000000bd790000, 0x00000000c0a00000)
  object space 32320K, 60% used [0x00000000bb800000,0x00000000bcb349f0,0x00000000bd790000)
}
Event: 34.229 GC heap before
{Heap before GC invocations=30 (full 4):
 PSYoungGen      total 213888K, used 179670K [0x00000000eae00000, 0x00000000fd6b0000, 0x0000000100000000)
  eden space 127936K, 100% used [0x00000000eae00000,0x00000000f2af0000,0x00000000f2af0000)
  from space 85952K, 60% used [0x00000000f2af0000,0x00000000f5d75ab0,0x00000000f7ee0000)
  to   space 85440K, 0% used [0x00000000f8340000,0x00000000f8340000,0x00000000fd6b0000)
 ParOldGen       total 289536K, used 198480K [0x00000000c0a00000, 0x00000000d24c0000, 0x00000000eae00000)
  object space 289536K, 68% used [0x00000000c0a00000,0x00000000ccbd4348,0x00000000d24c0000)
 PSPermGen       total 32320K, used 19725K [0x00000000bb800000, 0x00000000bd790000, 0x00000000c0a00000)
  object space 32320K, 61% used [0x00000000bb800000,0x00000000bcb43798,0x00000000bd790000)
Event: 34.247 GC heap after
Heap after GC invocations=30 (full 4):
 PSYoungGen      total 216192K, used 51086K [0x00000000eae00000, 0x00000000fd4b0000, 0x0000000100000000)
  eden space 132800K, 0% used [0x00000000eae00000,0x00000000eae00000,0x00000000f2fb0000)
  from space 83392K, 61% used [0x00000000f8340000,0x00000000fb5238a0,0x00000000fd4b0000)
  to   space 84480K, 0% used [0x00000000f2fb0000,0x00000000f2fb0000,0x00000000f8230000)
 ParOldGen       total 289536K, used 198480K [0x00000000c0a00000, 0x00000000d24c0000, 0x00000000eae00000)
  object space 289536K, 68% used [0x00000000c0a00000,0x00000000ccbd4348,0x00000000d24c0000)
 PSPermGen       total 32320K, used 19725K [0x00000000bb800000, 0x00000000bd790000, 0x00000000c0a00000)
  object space 32320K, 61% used [0x00000000bb800000,0x00000000bcb43798,0x00000000bd790000)
}

