# JRE version: 7.0_25-b17
# Java VM: Java HotSpot(TM) 64-Bit Server VM (23.25-b01 mixed mode windows-amd64 compressed oops)
Heap
 PSYoungGen      total 67456K, used 34378K [0x00000000eae00000, 0x00000000ef280000, 0x0000000100000000)
  eden space 64768K, 53% used [0x00000000eae00000,0x00000000ecf92868,0x00000000eed40000)
  from space 2688K, 0% used [0x00000000eefe0000,0x00000000eefe0000,0x00000000ef280000)
  to   space 2688K, 0% used [0x00000000eed40000,0x00000000eed40000,0x00000000eefe0000)
 ParOldGen       total 69568K, used 27499K [0x00000000c0a00000, 0x00000000c4df0000, 0x00000000eae00000)
  object space 69568K, 39% used [0x00000000c0a00000,0x00000000c24dade8,0x00000000c4df0000)
 PSPermGen       total 33088K, used 16512K [0x00000000bb800000, 0x00000000bd850000, 0x00000000c0a00000)
  object space 33088K, 49% used [0x00000000bb800000,0x00000000bc820128,0x00000000bd850000)
GC Heap History (10 events):
Event: 0.707 GC heap before
{Heap before GC invocations=1 (full 0):
 PSYoungGen      total 18880K, used 16000K [0x00000000eae00000, 0x00000000ec310000, 0x0000000100000000)
  eden space 16192K, 98% used [0x00000000eae00000,0x00000000ebda0380,0x00000000ebdd0000)
  from space 2688K, 0% used [0x00000000ec070000,0x00000000ec070000,0x00000000ec310000)
  to   space 2688K, 0% used [0x00000000ebdd0000,0x00000000ebdd0000,0x00000000ec070000)
 ParOldGen       total 43264K, used 0K [0x00000000c0a00000, 0x00000000c3440000, 0x00000000eae00000)
  object space 43264K, 0% used [0x00000000c0a00000,0x00000000c0a00000,0x00000000c3440000)
 PSPermGen       total 21248K, used 11501K [0x00000000bb800000, 0x00000000bccc0000, 0x00000000c0a00000)
  object space 21248K, 54% used [0x00000000bb800000,0x00000000bc33b7f8,0x00000000bccc0000)
Event: 0.715 GC heap after
Heap after GC invocations=1 (full 0):
 PSYoungGen      total 18880K, used 2673K [0x00000000eae00000, 0x00000000ed2e0000, 0x0000000100000000)
  eden space 16192K, 0% used [0x00000000eae00000,0x00000000eae00000,0x00000000ebdd0000)
  from space 2688K, 99% used [0x00000000ebdd0000,0x00000000ec06c790,0x00000000ec070000)
  to   space 2688K, 0% used [0x00000000ed040000,0x00000000ed040000,0x00000000ed2e0000)
 ParOldGen       total 43264K, used 837K [0x00000000c0a00000, 0x00000000c3440000, 0x00000000eae00000)
  object space 43264K, 1% used [0x00000000c0a00000,0x00000000c0ad1548,0x00000000c3440000)
 PSPermGen       total 21248K, used 11501K [0x00000000bb800000, 0x00000000bccc0000, 0x00000000c0a00000)
  object space 21248K, 54% used [0x00000000bb800000,0x00000000bc33b7f8,0x00000000bccc0000)
}
Event: 1.199 GC heap before
{Heap before GC invocations=2 (full 0):
 PSYoungGen      total 18880K, used 18865K [0x00000000eae00000, 0x00000000ed2e0000, 0x0000000100000000)
  eden space 16192K, 100% used [0x00000000eae00000,0x00000000ebdd0000,0x00000000ebdd0000)
  from space 2688K, 99% used [0x00000000ebdd0000,0x00000000ec06c790,0x00000000ec070000)
  to   space 2688K, 0% used [0x00000000ed040000,0x00000000ed040000,0x00000000ed2e0000)
 ParOldGen       total 43264K, used 837K [0x00000000c0a00000, 0x00000000c3440000, 0x00000000eae00000)
  object space 43264K, 1% used [0x00000000c0a00000,0x00000000c0ad1548,0x00000000c3440000)
 PSPermGen       total 21248K, used 15636K [0x00000000bb800000, 0x00000000bccc0000, 0x00000000c0a00000)
  object space 21248K, 73% used [0x00000000bb800000,0x00000000bc7450a0,0x00000000bccc0000)
Event: 1.208 GC heap after
Heap after GC invocations=2 (full 0):
 PSYoungGen      total 35072K, used 2680K [0x00000000eae00000, 0x00000000ed2e0000, 0x0000000100000000)
  eden space 32384K, 0% used [0x00000000eae00000,0x00000000eae00000,0x00000000ecda0000)
  from space 2688K, 99% used [0x00000000ed040000,0x00000000ed2de050,0x00000000ed2e0000)
  to   space 2688K, 0% used [0x00000000ecda0000,0x00000000ecda0000,0x00000000ed040000)
 ParOldGen       total 43264K, used 1688K [0x00000000c0a00000, 0x00000000c3440000, 0x00000000eae00000)
  object space 43264K, 3% used [0x00000000c0a00000,0x00000000c0ba6228,0x00000000c3440000)
 PSPermGen       total 21248K, used 15636K [0x00000000bb800000, 0x00000000bccc0000, 0x00000000c0a00000)
  object space 21248K, 73% used [0x00000000bb800000,0x00000000bc7450a0,0x00000000bccc0000)
}
Event: 1.526 GC heap before
{Heap before GC invocations=3 (full 0):
 PSYoungGen      total 35072K, used 33903K [0x00000000eae00000, 0x00000000ed2e0000, 0x0000000100000000)
  eden space 32384K, 96% used [0x00000000eae00000,0x00000000ecc7dbf8,0x00000000ecda0000)
  from space 2688K, 99% used [0x00000000ed040000,0x00000000ed2de050,0x00000000ed2e0000)
  to   space 2688K, 0% used [0x00000000ecda0000,0x00000000ecda0000,0x00000000ed040000)
 ParOldGen       total 43264K, used 1688K [0x00000000c0a00000, 0x00000000c3440000, 0x00000000eae00000)
  object space 43264K, 3% used [0x00000000c0a00000,0x00000000c0ba6228,0x00000000c3440000)
 PSPermGen       total 21248K, used 16197K [0x00000000bb800000, 0x00000000bccc0000, 0x00000000c0a00000)
  object space 21248K, 76% used [0x00000000bb800000,0x00000000bc7d1658,0x00000000bccc0000)
Event: 1.533 GC heap after
Heap after GC invocations=3 (full 0):
 PSYoungGen      total 35072K, used 2668K [0x00000000eae00000, 0x00000000ef280000, 0x0000000100000000)
  eden space 32384K, 0% used [0x00000000eae00000,0x00000000eae00000,0x00000000ecda0000)
  from space 2688K, 99% used [0x00000000ecda0000,0x00000000ed03b3f8,0x00000000ed040000)
  to   space 2688K, 0% used [0x00000000eefe0000,0x00000000eefe0000,0x00000000ef280000)
 ParOldGen       total 43264K, used 11015K [0x00000000c0a00000, 0x00000000c3440000, 0x00000000eae00000)
  object space 43264K, 25% used [0x00000000c0a00000,0x00000000c14c1e10,0x00000000c3440000)
 PSPermGen       total 21248K, used 16197K [0x00000000bb800000, 0x00000000bccc0000, 0x00000000c0a00000)
  object space 21248K, 76% used [0x00000000bb800000,0x00000000bc7d1658,0x00000000bccc0000)
}
Event: 1.824 GC heap before
{Heap before GC invocations=4 (full 0):
 PSYoungGen      total 35072K, used 34822K [0x00000000eae00000, 0x00000000ef280000, 0x0000000100000000)
  eden space 32384K, 99% used [0x00000000eae00000,0x00000000ecd664a0,0x00000000ecda0000)
  from space 2688K, 99% used [0x00000000ecda0000,0x00000000ed03b3f8,0x00000000ed040000)
  to   space 2688K, 0% used [0x00000000eefe0000,0x00000000eefe0000,0x00000000ef280000)
 ParOldGen       total 43264K, used 11015K [0x00000000c0a00000, 0x00000000c3440000, 0x00000000eae00000)
  object space 43264K, 25% used [0x00000000c0a00000,0x00000000c14c1e10,0x00000000c3440000)
 PSPermGen       total 21248K, used 16386K [0x00000000bb800000, 0x00000000bccc0000, 0x00000000c0a00000)
  object space 21248K, 77% used [0x00000000bb800000,0x00000000bc800a98,0x00000000bccc0000)
Event: 1.837 GC heap after
Heap after GC invocations=4 (full 0):
 PSYoungGen      total 67456K, used 2659K [0x00000000eae00000, 0x00000000ef280000, 0x0000000100000000)
  eden space 64768K, 0% used [0x00000000eae00000,0x00000000eae00000,0x00000000eed40000)
  from space 2688K, 98% used [0x00000000eefe0000,0x00000000ef278c30,0x00000000ef280000)
  to   space 2688K, 0% used [0x00000000eed40000,0x00000000eed40000,0x00000000eefe0000)
 ParOldGen       total 43264K, used 26881K [0x00000000c0a00000, 0x00000000c3440000, 0x00000000eae00000)
  object space 43264K, 62% used [0x00000000c0a00000,0x00000000c24404d0,0x00000000c3440000)
 PSPermGen       total 21248K, used 16386K [0x00000000bb800000, 0x00000000bccc0000, 0x00000000c0a00000)
  object space 21248K, 77% used [0x00000000bb800000,0x00000000bc800a98,0x00000000bccc0000)
}
Event: 1.837 GC heap before
{Heap before GC invocations=5 (full 1):
 PSYoungGen      total 67456K, used 2659K [0x00000000eae00000, 0x00000000ef280000, 0x0000000100000000)
  eden space 64768K, 0% used [0x00000000eae00000,0x00000000eae00000,0x00000000eed40000)
  from space 2688K, 98% used [0x00000000eefe0000,0x00000000ef278c30,0x00000000ef280000)
  to   space 2688K, 0% used [0x00000000eed40000,0x00000000eed40000,0x00000000eefe0000)
 ParOldGen       total 43264K, used 26881K [0x00000000c0a00000, 0x00000000c3440000, 0x00000000eae00000)
  object space 43264K, 62% used [0x00000000c0a00000,0x00000000c24404d0,0x00000000c3440000)
 PSPermGen       total 21248K, used 16386K [0x00000000bb800000, 0x00000000bccc0000, 0x00000000c0a00000)
  object space 21248K, 77% used [0x00000000bb800000,0x00000000bc800a98,0x00000000bccc0000)
Event: 1.879 GC heap after
Heap after GC invocations=5 (full 1):
 PSYoungGen      total 67456K, used 0K [0x00000000eae00000, 0x00000000ef280000, 0x0000000100000000)
  eden space 64768K, 0% used [0x00000000eae00000,0x00000000eae00000,0x00000000eed40000)
  from space 2688K, 0% used [0x00000000eefe0000,0x00000000eefe0000,0x00000000ef280000)
  to   space 2688K, 0% used [0x00000000eed40000,0x00000000eed40000,0x00000000eefe0000)
 ParOldGen       total 69568K, used 27499K [0x00000000c0a00000, 0x00000000c4df0000, 0x00000000eae00000)
  object space 69568K, 39% used [0x00000000c0a00000,0x00000000c24dade8,0x00000000c4df0000)
 PSPermGen       total 33088K, used 16382K [0x00000000bb800000, 0x00000000bd850000, 0x00000000c0a00000)
  object space 33088K, 49% used [0x00000000bb800000,0x00000000bc7ff8b8,0x00000000bd850000)
}

