# JRE version: 7.0_25-b17
# Java VM: Java HotSpot(TM) 64-Bit Server VM (23.25-b01 mixed mode windows-amd64 compressed oops)
Heap
 PSYoungGen      total 18496K, used 3594K [0x00000000eae00000, 0x00000000ed050000, 0x0000000100000000)
  eden space 15808K, 5% used [0x00000000eae00000,0x00000000eaee4ab8,0x00000000ebd70000)
  from space 2688K, 99% used [0x00000000ebdd0000,0x00000000ec06e030,0x00000000ec070000)
  to   space 9472K, 0% used [0x00000000ec710000,0x00000000ec710000,0x00000000ed050000)
 ParOldGen       total 43264K, used 13066K [0x00000000c0a00000, 0x00000000c3440000, 0x00000000eae00000)
  object space 43264K, 30% used [0x00000000c0a00000,0x00000000c16c28e8,0x00000000c3440000)
 PSPermGen       total 21248K, used 19191K [0x00000000bb800000, 0x00000000bccc0000, 0x00000000c0a00000)
  object space 21248K, 90% used [0x00000000bb800000,0x00000000bcabdc78,0x00000000bccc0000)
GC Heap History (10 events):
Event: 0.606 GC heap before
{Heap before GC invocations=1 (full 0):
 PSYoungGen      total 18880K, used 15713K [0x00000000eae00000, 0x00000000ec310000, 0x0000000100000000)
  eden space 16192K, 97% used [0x00000000eae00000,0x00000000ebd58678,0x00000000ebdd0000)
  from space 2688K, 0% used [0x00000000ec070000,0x00000000ec070000,0x00000000ec310000)
  to   space 2688K, 0% used [0x00000000ebdd0000,0x00000000ebdd0000,0x00000000ec070000)
 ParOldGen       total 43264K, used 0K [0x00000000c0a00000, 0x00000000c3440000, 0x00000000eae00000)
  object space 43264K, 0% used [0x00000000c0a00000,0x00000000c0a00000,0x00000000c3440000)
 PSPermGen       total 21248K, used 11524K [0x00000000bb800000, 0x00000000bccc0000, 0x00000000c0a00000)
  object space 21248K, 54% used [0x00000000bb800000,0x00000000bc341308,0x00000000bccc0000)
Event: 0.611 GC heap after
Heap after GC invocations=1 (full 0):
 PSYoungGen      total 18880K, used 2672K [0x00000000eae00000, 0x00000000ec310000, 0x0000000100000000)
  eden space 16192K, 0% used [0x00000000eae00000,0x00000000eae00000,0x00000000ebdd0000)
  from space 2688K, 99% used [0x00000000ebdd0000,0x00000000ec06c0e8,0x00000000ec070000)
  to   space 2688K, 0% used [0x00000000ec070000,0x00000000ec070000,0x00000000ec310000)
 ParOldGen       total 43264K, used 582K [0x00000000c0a00000, 0x00000000c3440000, 0x00000000eae00000)
  object space 43264K, 1% used [0x00000000c0a00000,0x00000000c0a91978,0x00000000c3440000)
 PSPermGen       total 21248K, used 11524K [0x00000000bb800000, 0x00000000bccc0000, 0x00000000c0a00000)
  object space 21248K, 54% used [0x00000000bb800000,0x00000000bc341308,0x00000000bccc0000)
}
Event: 1.126 GC heap before
{Heap before GC invocations=2 (full 0):
 PSYoungGen      total 18880K, used 18864K [0x00000000eae00000, 0x00000000ec310000, 0x0000000100000000)
  eden space 16192K, 100% used [0x00000000eae00000,0x00000000ebdd0000,0x00000000ebdd0000)
  from space 2688K, 99% used [0x00000000ebdd0000,0x00000000ec06c0e8,0x00000000ec070000)
  to   space 2688K, 0% used [0x00000000ec070000,0x00000000ec070000,0x00000000ec310000)
 ParOldGen       total 43264K, used 582K [0x00000000c0a00000, 0x00000000c3440000, 0x00000000eae00000)
  object space 43264K, 1% used [0x00000000c0a00000,0x00000000c0a91978,0x00000000c3440000)
 PSPermGen       total 21248K, used 15659K [0x00000000bb800000, 0x00000000bccc0000, 0x00000000c0a00000)
  object space 21248K, 73% used [0x00000000bb800000,0x00000000bc74ae20,0x00000000bccc0000)
Event: 1.135 GC heap after
Heap after GC invocations=2 (full 0):
 PSYoungGen      total 18880K, used 2680K [0x00000000eae00000, 0x00000000ed2e0000, 0x0000000100000000)
  eden space 16192K, 0% used [0x00000000eae00000,0x00000000eae00000,0x00000000ebdd0000)
  from space 2688K, 99% used [0x00000000ec070000,0x00000000ec30e050,0x00000000ec310000)
  to   space 2688K, 0% used [0x00000000ebdd0000,0x00000000ebdd0000,0x00000000ec070000)
 ParOldGen       total 43264K, used 1546K [0x00000000c0a00000, 0x00000000c3440000, 0x00000000eae00000)
  object space 43264K, 3% used [0x00000000c0a00000,0x00000000c0b82920,0x00000000c3440000)
 PSPermGen       total 21248K, used 15659K [0x00000000bb800000, 0x00000000bccc0000, 0x00000000c0a00000)
  object space 21248K, 73% used [0x00000000bb800000,0x00000000bc74ae20,0x00000000bccc0000)
}
Event: 1.803 GC heap before
{Heap before GC invocations=3 (full 0):
 PSYoungGen      total 18880K, used 18872K [0x00000000eae00000, 0x00000000ed2e0000, 0x0000000100000000)
  eden space 16192K, 100% used [0x00000000eae00000,0x00000000ebdd0000,0x00000000ebdd0000)
  from space 2688K, 99% used [0x00000000ec070000,0x00000000ec30e050,0x00000000ec310000)
  to   space 2688K, 0% used [0x00000000ebdd0000,0x00000000ebdd0000,0x00000000ec070000)
 ParOldGen       total 43264K, used 1546K [0x00000000c0a00000, 0x00000000c3440000, 0x00000000eae00000)
  object space 43264K, 3% used [0x00000000c0a00000,0x00000000c0b82920,0x00000000c3440000)
 PSPermGen       total 21248K, used 18002K [0x00000000bb800000, 0x00000000bccc0000, 0x00000000c0a00000)
  object space 21248K, 84% used [0x00000000bb800000,0x00000000bc994b10,0x00000000bccc0000)
Event: 1.809 GC heap after
Heap after GC invocations=3 (full 0):
 PSYoungGen      total 18880K, used 2664K [0x00000000eae00000, 0x00000000ed2e0000, 0x0000000100000000)
  eden space 16192K, 0% used [0x00000000eae00000,0x00000000eae00000,0x00000000ebdd0000)
  from space 2688K, 99% used [0x00000000ebdd0000,0x00000000ec06a040,0x00000000ec070000)
  to   space 2688K, 0% used [0x00000000ed040000,0x00000000ed040000,0x00000000ed2e0000)
 ParOldGen       total 43264K, used 3374K [0x00000000c0a00000, 0x00000000c3440000, 0x00000000eae00000)
  object space 43264K, 7% used [0x00000000c0a00000,0x00000000c0d4ba68,0x00000000c3440000)
 PSPermGen       total 21248K, used 18002K [0x00000000bb800000, 0x00000000bccc0000, 0x00000000c0a00000)
  object space 21248K, 84% used [0x00000000bb800000,0x00000000bc994b10,0x00000000bccc0000)
}
Event: 3.373 GC heap before
{Heap before GC invocations=4 (full 0):
 PSYoungGen      total 18880K, used 18856K [0x00000000eae00000, 0x00000000ed2e0000, 0x0000000100000000)
  eden space 16192K, 100% used [0x00000000eae00000,0x00000000ebdd0000,0x00000000ebdd0000)
  from space 2688K, 99% used [0x00000000ebdd0000,0x00000000ec06a040,0x00000000ec070000)
  to   space 2688K, 0% used [0x00000000ed040000,0x00000000ed040000,0x00000000ed2e0000)
 ParOldGen       total 43264K, used 3374K [0x00000000c0a00000, 0x00000000c3440000, 0x00000000eae00000)
  object space 43264K, 7% used [0x00000000c0a00000,0x00000000c0d4ba68,0x00000000c3440000)
 PSPermGen       total 21248K, used 18834K [0x00000000bb800000, 0x00000000bccc0000, 0x00000000c0a00000)
  object space 21248K, 88% used [0x00000000bb800000,0x00000000bca64ba8,0x00000000bccc0000)
Event: 3.380 GC heap after
Heap after GC invocations=4 (full 0):
 PSYoungGen      total 18880K, used 2680K [0x00000000eae00000, 0x00000000ed2e0000, 0x0000000100000000)
  eden space 16192K, 0% used [0x00000000eae00000,0x00000000eae00000,0x00000000ebdd0000)
  from space 2688K, 99% used [0x00000000ed040000,0x00000000ed2de030,0x00000000ed2e0000)
  to   space 2688K, 0% used [0x00000000ebdd0000,0x00000000ebdd0000,0x00000000ec070000)
 ParOldGen       total 43264K, used 11331K [0x00000000c0a00000, 0x00000000c3440000, 0x00000000eae00000)
  object space 43264K, 26% used [0x00000000c0a00000,0x00000000c1510e18,0x00000000c3440000)
 PSPermGen       total 21248K, used 18834K [0x00000000bb800000, 0x00000000bccc0000, 0x00000000c0a00000)
  object space 21248K, 88% used [0x00000000bb800000,0x00000000bca64ba8,0x00000000bccc0000)
}
Event: 8.550 GC heap before
{Heap before GC invocations=5 (full 0):
 PSYoungGen      total 18880K, used 18872K [0x00000000eae00000, 0x00000000ed2e0000, 0x0000000100000000)
  eden space 16192K, 100% used [0x00000000eae00000,0x00000000ebdd0000,0x00000000ebdd0000)
  from space 2688K, 99% used [0x00000000ed040000,0x00000000ed2de030,0x00000000ed2e0000)
  to   space 2688K, 0% used [0x00000000ebdd0000,0x00000000ebdd0000,0x00000000ec070000)
 ParOldGen       total 43264K, used 11331K [0x00000000c0a00000, 0x00000000c3440000, 0x00000000eae00000)
  object space 43264K, 26% used [0x00000000c0a00000,0x00000000c1510e18,0x00000000c3440000)
 PSPermGen       total 21248K, used 19173K [0x00000000bb800000, 0x00000000bccc0000, 0x00000000c0a00000)
  object space 21248K, 90% used [0x00000000bb800000,0x00000000bcab94d8,0x00000000bccc0000)
Event: 8.559 GC heap after
Heap after GC invocations=5 (full 0):
 PSYoungGen      total 18496K, used 2680K [0x00000000eae00000, 0x00000000ed050000, 0x0000000100000000)
  eden space 15808K, 0% used [0x00000000eae00000,0x00000000eae00000,0x00000000ebd70000)
  from space 2688K, 99% used [0x00000000ebdd0000,0x00000000ec06e030,0x00000000ec070000)
  to   space 9472K, 0% used [0x00000000ec710000,0x00000000ec710000,0x00000000ed050000)
 ParOldGen       total 43264K, used 13066K [0x00000000c0a00000, 0x00000000c3440000, 0x00000000eae00000)
  object space 43264K, 30% used [0x00000000c0a00000,0x00000000c16c28e8,0x00000000c3440000)
 PSPermGen       total 21248K, used 19173K [0x00000000bb800000, 0x00000000bccc0000, 0x00000000c0a00000)
  object space 21248K, 90% used [0x00000000bb800000,0x00000000bcab94d8,0x00000000bccc0000)
}

