# JRE version: 7.0_25-b17
# Java VM: Java HotSpot(TM) 64-Bit Server VM (23.25-b01 mixed mode windows-amd64 compressed oops)
Heap
 PSYoungGen      total 69888K, used 40144K [0x00000000eae00000, 0x00000000ef760000, 0x0000000100000000)
  eden space 64768K, 57% used [0x00000000eae00000,0x00000000ed2792c8,0x00000000eed40000)
  from space 5120K, 54% used [0x00000000ef260000,0x00000000ef51b030,0x00000000ef760000)
  to   space 5184K, 0% used [0x00000000eed40000,0x00000000eed40000,0x00000000ef250000)
 ParOldGen       total 43264K, used 4231K [0x00000000c0a00000, 0x00000000c3440000, 0x00000000eae00000)
  object space 43264K, 9% used [0x00000000c0a00000,0x00000000c0e21da0,0x00000000c3440000)
 PSPermGen       total 21248K, used 16335K [0x00000000bb800000, 0x00000000bccc0000, 0x00000000c0a00000)
  object space 21248K, 76% used [0x00000000bb800000,0x00000000bc7f3fb0,0x00000000bccc0000)
GC Heap History (10 events):
Event: 0.991 GC heap before
{Heap before GC invocations=2 (full 0):
 PSYoungGen      total 18880K, used 18858K [0x00000000eae00000, 0x00000000ec310000, 0x0000000100000000)
  eden space 16192K, 100% used [0x00000000eae00000,0x00000000ebdd0000,0x00000000ebdd0000)
  from space 2688K, 99% used [0x00000000ebdd0000,0x00000000ec06aa10,0x00000000ec070000)
  to   space 2688K, 0% used [0x00000000ec070000,0x00000000ec070000,0x00000000ec310000)
 ParOldGen       total 43264K, used 808K [0x00000000c0a00000, 0x00000000c3440000, 0x00000000eae00000)
  object space 43264K, 1% used [0x00000000c0a00000,0x00000000c0aca148,0x00000000c3440000)
 PSPermGen       total 21248K, used 15643K [0x00000000bb800000, 0x00000000bccc0000, 0x00000000c0a00000)
  object space 21248K, 73% used [0x00000000bb800000,0x00000000bc746dd8,0x00000000bccc0000)
Event: 1.000 GC heap after
Heap after GC invocations=2 (full 0):
 PSYoungGen      total 18880K, used 2680K [0x00000000eae00000, 0x00000000ed2e0000, 0x0000000100000000)
  eden space 16192K, 0% used [0x00000000eae00000,0x00000000eae00000,0x00000000ebdd0000)
  from space 2688K, 99% used [0x00000000ec070000,0x00000000ec30e050,0x00000000ec310000)
  to   space 2688K, 0% used [0x00000000ebdd0000,0x00000000ebdd0000,0x00000000ec070000)
 ParOldGen       total 43264K, used 1747K [0x00000000c0a00000, 0x00000000c3440000, 0x00000000eae00000)
  object space 43264K, 4% used [0x00000000c0a00000,0x00000000c0bb4cd0,0x00000000c3440000)
 PSPermGen       total 21248K, used 15643K [0x00000000bb800000, 0x00000000bccc0000, 0x00000000c0a00000)
  object space 21248K, 73% used [0x00000000bb800000,0x00000000bc746dd8,0x00000000bccc0000)
}
Event: 1.450 GC heap before
{Heap before GC invocations=3 (full 0):
 PSYoungGen      total 18880K, used 18872K [0x00000000eae00000, 0x00000000ed2e0000, 0x0000000100000000)
  eden space 16192K, 100% used [0x00000000eae00000,0x00000000ebdd0000,0x00000000ebdd0000)
  from space 2688K, 99% used [0x00000000ec070000,0x00000000ec30e050,0x00000000ec310000)
  to   space 2688K, 0% used [0x00000000ebdd0000,0x00000000ebdd0000,0x00000000ec070000)
 ParOldGen       total 43264K, used 1747K [0x00000000c0a00000, 0x00000000c3440000, 0x00000000eae00000)
  object space 43264K, 4% used [0x00000000c0a00000,0x00000000c0bb4cd0,0x00000000c3440000)
 PSPermGen       total 21248K, used 16314K [0x00000000bb800000, 0x00000000bccc0000, 0x00000000c0a00000)
  object space 21248K, 76% used [0x00000000bb800000,0x00000000bc7eebd8,0x00000000bccc0000)
Event: 1.456 GC heap after
Heap after GC invocations=3 (full 0):
 PSYoungGen      total 18880K, used 2684K [0x00000000eae00000, 0x00000000ed2e0000, 0x0000000100000000)
  eden space 16192K, 0% used [0x00000000eae00000,0x00000000eae00000,0x00000000ebdd0000)
  from space 2688K, 99% used [0x00000000ebdd0000,0x00000000ec06f040,0x00000000ec070000)
  to   space 2688K, 0% used [0x00000000ed040000,0x00000000ed040000,0x00000000ed2e0000)
 ParOldGen       total 43264K, used 4112K [0x00000000c0a00000, 0x00000000c3440000, 0x00000000eae00000)
  object space 43264K, 9% used [0x00000000c0a00000,0x00000000c0e043f8,0x00000000c3440000)
 PSPermGen       total 21248K, used 16314K [0x00000000bb800000, 0x00000000bccc0000, 0x00000000c0a00000)
  object space 21248K, 76% used [0x00000000bb800000,0x00000000bc7eebd8,0x00000000bccc0000)
}
Event: 1.835 GC heap before
{Heap before GC invocations=4 (full 0):
 PSYoungGen      total 18880K, used 18876K [0x00000000eae00000, 0x00000000ed2e0000, 0x0000000100000000)
  eden space 16192K, 100% used [0x00000000eae00000,0x00000000ebdd0000,0x00000000ebdd0000)
  from space 2688K, 99% used [0x00000000ebdd0000,0x00000000ec06f040,0x00000000ec070000)
  to   space 2688K, 0% used [0x00000000ed040000,0x00000000ed040000,0x00000000ed2e0000)
 ParOldGen       total 43264K, used 4112K [0x00000000c0a00000, 0x00000000c3440000, 0x00000000eae00000)
  object space 43264K, 9% used [0x00000000c0a00000,0x00000000c0e043f8,0x00000000c3440000)
 PSPermGen       total 21248K, used 16316K [0x00000000bb800000, 0x00000000bccc0000, 0x00000000c0a00000)
  object space 21248K, 76% used [0x00000000bb800000,0x00000000bc7ef030,0x00000000bccc0000)
Event: 1.842 GC heap after
Heap after GC invocations=4 (full 0):
 PSYoungGen      total 35072K, used 2684K [0x00000000eae00000, 0x00000000ed2e0000, 0x0000000100000000)
  eden space 32384K, 0% used [0x00000000eae00000,0x00000000eae00000,0x00000000ecda0000)
  from space 2688K, 99% used [0x00000000ed040000,0x00000000ed2df040,0x00000000ed2e0000)
  to   space 2688K, 0% used [0x00000000ecda0000,0x00000000ecda0000,0x00000000ed040000)
 ParOldGen       total 43264K, used 4207K [0x00000000c0a00000, 0x00000000c3440000, 0x00000000eae00000)
  object space 43264K, 9% used [0x00000000c0a00000,0x00000000c0e1bda0,0x00000000c3440000)
 PSPermGen       total 21248K, used 16316K [0x00000000bb800000, 0x00000000bccc0000, 0x00000000c0a00000)
  object space 21248K, 76% used [0x00000000bb800000,0x00000000bc7ef030,0x00000000bccc0000)
}
Event: 2.634 GC heap before
{Heap before GC invocations=5 (full 0):
 PSYoungGen      total 35072K, used 35068K [0x00000000eae00000, 0x00000000ed2e0000, 0x0000000100000000)
  eden space 32384K, 100% used [0x00000000eae00000,0x00000000ecda0000,0x00000000ecda0000)
  from space 2688K, 99% used [0x00000000ed040000,0x00000000ed2df040,0x00000000ed2e0000)
  to   space 2688K, 0% used [0x00000000ecda0000,0x00000000ecda0000,0x00000000ed040000)
 ParOldGen       total 43264K, used 4207K [0x00000000c0a00000, 0x00000000c3440000, 0x00000000eae00000)
  object space 43264K, 9% used [0x00000000c0a00000,0x00000000c0e1bda0,0x00000000c3440000)
 PSPermGen       total 21248K, used 16320K [0x00000000bb800000, 0x00000000bccc0000, 0x00000000c0a00000)
  object space 21248K, 76% used [0x00000000bb800000,0x00000000bc7f01b0,0x00000000bccc0000)
Event: 2.641 GC heap after
Heap after GC invocations=5 (full 0):
 PSYoungGen      total 35072K, used 2684K [0x00000000eae00000, 0x00000000ef780000, 0x0000000100000000)
  eden space 32384K, 0% used [0x00000000eae00000,0x00000000eae00000,0x00000000ecda0000)
  from space 2688K, 99% used [0x00000000ecda0000,0x00000000ed03f040,0x00000000ed040000)
  to   space 5248K, 0% used [0x00000000ef260000,0x00000000ef260000,0x00000000ef780000)
 ParOldGen       total 43264K, used 4231K [0x00000000c0a00000, 0x00000000c3440000, 0x00000000eae00000)
  object space 43264K, 9% used [0x00000000c0a00000,0x00000000c0e21da0,0x00000000c3440000)
 PSPermGen       total 21248K, used 16320K [0x00000000bb800000, 0x00000000bccc0000, 0x00000000c0a00000)
  object space 21248K, 76% used [0x00000000bb800000,0x00000000bc7f01b0,0x00000000bccc0000)
}
Event: 3.419 GC heap before
{Heap before GC invocations=6 (full 0):
 PSYoungGen      total 35072K, used 35068K [0x00000000eae00000, 0x00000000ef780000, 0x0000000100000000)
  eden space 32384K, 100% used [0x00000000eae00000,0x00000000ecda0000,0x00000000ecda0000)
  from space 2688K, 99% used [0x00000000ecda0000,0x00000000ed03f040,0x00000000ed040000)
  to   space 5248K, 0% used [0x00000000ef260000,0x00000000ef260000,0x00000000ef780000)
 ParOldGen       total 43264K, used 4231K [0x00000000c0a00000, 0x00000000c3440000, 0x00000000eae00000)
  object space 43264K, 9% used [0x00000000c0a00000,0x00000000c0e21da0,0x00000000c3440000)
 PSPermGen       total 21248K, used 16326K [0x00000000bb800000, 0x00000000bccc0000, 0x00000000c0a00000)
  object space 21248K, 76% used [0x00000000bb800000,0x00000000bc7f1800,0x00000000bccc0000)
Event: 3.426 GC heap after
Heap after GC invocations=6 (full 0):
 PSYoungGen      total 69888K, used 2796K [0x00000000eae00000, 0x00000000ef760000, 0x0000000100000000)
  eden space 64768K, 0% used [0x00000000eae00000,0x00000000eae00000,0x00000000eed40000)
  from space 5120K, 54% used [0x00000000ef260000,0x00000000ef51b030,0x00000000ef760000)
  to   space 5184K, 0% used [0x00000000eed40000,0x00000000eed40000,0x00000000ef250000)
 ParOldGen       total 43264K, used 4231K [0x00000000c0a00000, 0x00000000c3440000, 0x00000000eae00000)
  object space 43264K, 9% used [0x00000000c0a00000,0x00000000c0e21da0,0x00000000c3440000)
 PSPermGen       total 21248K, used 16326K [0x00000000bb800000, 0x00000000bccc0000, 0x00000000c0a00000)
  object space 21248K, 76% used [0x00000000bb800000,0x00000000bc7f1800,0x00000000bccc0000)
}

