# JRE version: 7.0_25-b17
# Java VM: Java HotSpot(TM) 64-Bit Server VM (23.25-b01 mixed mode windows-amd64 compressed oops)
Heap
 PSYoungGen      total 18496K, used 2868K [0x00000000eae00000, 0x00000000ecf30000, 0x0000000100000000)
  eden space 15808K, 1% used [0x00000000eae00000,0x00000000eae2f190,0x00000000ebd70000)
  from space 2688K, 99% used [0x00000000ebdd0000,0x00000000ec06e030,0x00000000ec070000)
  to   space 9088K, 0% used [0x00000000ec650000,0x00000000ec650000,0x00000000ecf30000)
 ParOldGen       total 43264K, used 14890K [0x00000000c0a00000, 0x00000000c3440000, 0x00000000eae00000)
  object space 43264K, 34% used [0x00000000c0a00000,0x00000000c188a968,0x00000000c3440000)
 PSPermGen       total 21248K, used 19214K [0x00000000bb800000, 0x00000000bccc0000, 0x00000000c0a00000)
  object space 21248K, 90% used [0x00000000bb800000,0x00000000bcac3ad8,0x00000000bccc0000)
GC Heap History (10 events):
Event: 0.537 GC heap before
{Heap before GC invocations=1 (full 0):
 PSYoungGen      total 18880K, used 15729K [0x00000000eae00000, 0x00000000ec310000, 0x0000000100000000)
  eden space 16192K, 97% used [0x00000000eae00000,0x00000000ebd5c590,0x00000000ebdd0000)
  from space 2688K, 0% used [0x00000000ec070000,0x00000000ec070000,0x00000000ec310000)
  to   space 2688K, 0% used [0x00000000ebdd0000,0x00000000ebdd0000,0x00000000ec070000)
 ParOldGen       total 43264K, used 734K [0x00000000c0a00000, 0x00000000c3440000, 0x00000000eae00000)
  object space 43264K, 1% used [0x00000000c0a00000,0x00000000c0ab78a0,0x00000000c3440000)
 PSPermGen       total 21248K, used 11528K [0x00000000bb800000, 0x00000000bccc0000, 0x00000000c0a00000)
  object space 21248K, 54% used [0x00000000bb800000,0x00000000bc342338,0x00000000bccc0000)
Event: 0.543 GC heap after
Heap after GC invocations=1 (full 0):
 PSYoungGen      total 18880K, used 2677K [0x00000000eae00000, 0x00000000ed2e0000, 0x0000000100000000)
  eden space 16192K, 0% used [0x00000000eae00000,0x00000000eae00000,0x00000000ebdd0000)
  from space 2688K, 99% used [0x00000000ebdd0000,0x00000000ec06d4d8,0x00000000ec070000)
  to   space 2688K, 0% used [0x00000000ed040000,0x00000000ed040000,0x00000000ed2e0000)
 ParOldGen       total 43264K, used 1587K [0x00000000c0a00000, 0x00000000c3440000, 0x00000000eae00000)
  object space 43264K, 3% used [0x00000000c0a00000,0x00000000c0b8ce68,0x00000000c3440000)
 PSPermGen       total 21248K, used 11528K [0x00000000bb800000, 0x00000000bccc0000, 0x00000000c0a00000)
  object space 21248K, 54% used [0x00000000bb800000,0x00000000bc342338,0x00000000bccc0000)
}
Event: 1.099 GC heap before
{Heap before GC invocations=2 (full 0):
 PSYoungGen      total 18880K, used 18869K [0x00000000eae00000, 0x00000000ed2e0000, 0x0000000100000000)
  eden space 16192K, 100% used [0x00000000eae00000,0x00000000ebdd0000,0x00000000ebdd0000)
  from space 2688K, 99% used [0x00000000ebdd0000,0x00000000ec06d4d8,0x00000000ec070000)
  to   space 2688K, 0% used [0x00000000ed040000,0x00000000ed040000,0x00000000ed2e0000)
 ParOldGen       total 43264K, used 1611K [0x00000000c0a00000, 0x00000000c3440000, 0x00000000eae00000)
  object space 43264K, 3% used [0x00000000c0a00000,0x00000000c0b92dc0,0x00000000c3440000)
 PSPermGen       total 21248K, used 15715K [0x00000000bb800000, 0x00000000bccc0000, 0x00000000c0a00000)
  object space 21248K, 73% used [0x00000000bb800000,0x00000000bc758e28,0x00000000bccc0000)
Event: 1.104 GC heap after
Heap after GC invocations=2 (full 0):
 PSYoungGen      total 18880K, used 2680K [0x00000000eae00000, 0x00000000ed2e0000, 0x0000000100000000)
  eden space 16192K, 0% used [0x00000000eae00000,0x00000000eae00000,0x00000000ebdd0000)
  from space 2688K, 99% used [0x00000000ed040000,0x00000000ed2de030,0x00000000ed2e0000)
  to   space 2688K, 0% used [0x00000000ebdd0000,0x00000000ebdd0000,0x00000000ec070000)
 ParOldGen       total 43264K, used 2601K [0x00000000c0a00000, 0x00000000c3440000, 0x00000000eae00000)
  object space 43264K, 6% used [0x00000000c0a00000,0x00000000c0c8a4f0,0x00000000c3440000)
 PSPermGen       total 21248K, used 15715K [0x00000000bb800000, 0x00000000bccc0000, 0x00000000c0a00000)
  object space 21248K, 73% used [0x00000000bb800000,0x00000000bc758e28,0x00000000bccc0000)
}
Event: 1.798 GC heap before
{Heap before GC invocations=3 (full 0):
 PSYoungGen      total 18880K, used 18872K [0x00000000eae00000, 0x00000000ed2e0000, 0x0000000100000000)
  eden space 16192K, 100% used [0x00000000eae00000,0x00000000ebdd0000,0x00000000ebdd0000)
  from space 2688K, 99% used [0x00000000ed040000,0x00000000ed2de030,0x00000000ed2e0000)
  to   space 2688K, 0% used [0x00000000ebdd0000,0x00000000ebdd0000,0x00000000ec070000)
 ParOldGen       total 43264K, used 2601K [0x00000000c0a00000, 0x00000000c3440000, 0x00000000eae00000)
  object space 43264K, 6% used [0x00000000c0a00000,0x00000000c0c8a4f0,0x00000000c3440000)
 PSPermGen       total 21248K, used 18081K [0x00000000bb800000, 0x00000000bccc0000, 0x00000000c0a00000)
  object space 21248K, 85% used [0x00000000bb800000,0x00000000bc9a8460,0x00000000bccc0000)
Event: 1.804 GC heap after
Heap after GC invocations=3 (full 0):
 PSYoungGen      total 18880K, used 2664K [0x00000000eae00000, 0x00000000ed050000, 0x0000000100000000)
  eden space 16192K, 0% used [0x00000000eae00000,0x00000000eae00000,0x00000000ebdd0000)
  from space 2688K, 99% used [0x00000000ebdd0000,0x00000000ec06a020,0x00000000ec070000)
  to   space 2688K, 0% used [0x00000000ecdb0000,0x00000000ecdb0000,0x00000000ed050000)
 ParOldGen       total 43264K, used 4365K [0x00000000c0a00000, 0x00000000c3440000, 0x00000000eae00000)
  object space 43264K, 10% used [0x00000000c0a00000,0x00000000c0e43610,0x00000000c3440000)
 PSPermGen       total 21248K, used 18081K [0x00000000bb800000, 0x00000000bccc0000, 0x00000000c0a00000)
  object space 21248K, 85% used [0x00000000bb800000,0x00000000bc9a8460,0x00000000bccc0000)
}
Event: 3.918 GC heap before
{Heap before GC invocations=4 (full 0):
 PSYoungGen      total 18880K, used 18856K [0x00000000eae00000, 0x00000000ed050000, 0x0000000100000000)
  eden space 16192K, 100% used [0x00000000eae00000,0x00000000ebdd0000,0x00000000ebdd0000)
  from space 2688K, 99% used [0x00000000ebdd0000,0x00000000ec06a020,0x00000000ec070000)
  to   space 2688K, 0% used [0x00000000ecdb0000,0x00000000ecdb0000,0x00000000ed050000)
 ParOldGen       total 43264K, used 4365K [0x00000000c0a00000, 0x00000000c3440000, 0x00000000eae00000)
  object space 43264K, 10% used [0x00000000c0a00000,0x00000000c0e43610,0x00000000c3440000)
 PSPermGen       total 21248K, used 18952K [0x00000000bb800000, 0x00000000bccc0000, 0x00000000c0a00000)
  object space 21248K, 89% used [0x00000000bb800000,0x00000000bca823e0,0x00000000bccc0000)
Event: 3.925 GC heap after
Heap after GC invocations=4 (full 0):
 PSYoungGen      total 18880K, used 2664K [0x00000000eae00000, 0x00000000ed050000, 0x0000000100000000)
  eden space 16192K, 0% used [0x00000000eae00000,0x00000000eae00000,0x00000000ebdd0000)
  from space 2688K, 99% used [0x00000000ecdb0000,0x00000000ed04a040,0x00000000ed050000)
  to   space 2688K, 0% used [0x00000000ebdd0000,0x00000000ebdd0000,0x00000000ec070000)
 ParOldGen       total 43264K, used 12321K [0x00000000c0a00000, 0x00000000c3440000, 0x00000000eae00000)
  object space 43264K, 28% used [0x00000000c0a00000,0x00000000c1608758,0x00000000c3440000)
 PSPermGen       total 21248K, used 18952K [0x00000000bb800000, 0x00000000bccc0000, 0x00000000c0a00000)
  object space 21248K, 89% used [0x00000000bb800000,0x00000000bca823e0,0x00000000bccc0000)
}
Event: 7.261 GC heap before
{Heap before GC invocations=5 (full 0):
 PSYoungGen      total 18880K, used 18856K [0x00000000eae00000, 0x00000000ed050000, 0x0000000100000000)
  eden space 16192K, 100% used [0x00000000eae00000,0x00000000ebdd0000,0x00000000ebdd0000)
  from space 2688K, 99% used [0x00000000ecdb0000,0x00000000ed04a040,0x00000000ed050000)
  to   space 2688K, 0% used [0x00000000ebdd0000,0x00000000ebdd0000,0x00000000ec070000)
 ParOldGen       total 43264K, used 12321K [0x00000000c0a00000, 0x00000000c3440000, 0x00000000eae00000)
  object space 43264K, 28% used [0x00000000c0a00000,0x00000000c1608758,0x00000000c3440000)
 PSPermGen       total 21248K, used 19213K [0x00000000bb800000, 0x00000000bccc0000, 0x00000000c0a00000)
  object space 21248K, 90% used [0x00000000bb800000,0x00000000bcac3588,0x00000000bccc0000)
Event: 7.276 GC heap after
Heap after GC invocations=5 (full 0):
 PSYoungGen      total 18496K, used 2680K [0x00000000eae00000, 0x00000000ecf30000, 0x0000000100000000)
  eden space 15808K, 0% used [0x00000000eae00000,0x00000000eae00000,0x00000000ebd70000)
  from space 2688K, 99% used [0x00000000ebdd0000,0x00000000ec06e030,0x00000000ec070000)
  to   space 9088K, 0% used [0x00000000ec650000,0x00000000ec650000,0x00000000ecf30000)
 ParOldGen       total 43264K, used 14890K [0x00000000c0a00000, 0x00000000c3440000, 0x00000000eae00000)
  object space 43264K, 34% used [0x00000000c0a00000,0x00000000c188a968,0x00000000c3440000)
 PSPermGen       total 21248K, used 19213K [0x00000000bb800000, 0x00000000bccc0000, 0x00000000c0a00000)
  object space 21248K, 90% used [0x00000000bb800000,0x00000000bcac3588,0x00000000bccc0000)
}

