# JRE version: 7.0_25-b17
# Java VM: Java HotSpot(TM) 64-Bit Server VM (23.25-b01 mixed mode windows-amd64 compressed oops)
Heap
 PSYoungGen      total 67456K, used 14426K [0x00000000eae00000, 0x00000000ef280000, 0x0000000100000000)
  eden space 64768K, 18% used [0x00000000eae00000,0x00000000eb97bac0,0x00000000eed40000)
  from space 2688K, 99% used [0x00000000eefe0000,0x00000000ef27b030,0x00000000ef280000)
  to   space 2688K, 0% used [0x00000000eed40000,0x00000000eed40000,0x00000000eefe0000)
 ParOldGen       total 43264K, used 25662K [0x00000000c0a00000, 0x00000000c3440000, 0x00000000eae00000)
  object space 43264K, 59% used [0x00000000c0a00000,0x00000000c230f8f8,0x00000000c3440000)
 PSPermGen       total 21248K, used 16444K [0x00000000bb800000, 0x00000000bccc0000, 0x00000000c0a00000)
  object space 21248K, 77% used [0x00000000bb800000,0x00000000bc80f098,0x00000000bccc0000)
GC Heap History (8 events):
Event: 0.619 GC heap before
{Heap before GC invocations=1 (full 0):
 PSYoungGen      total 18880K, used 15651K [0x00000000eae00000, 0x00000000ec310000, 0x0000000100000000)
  eden space 16192K, 96% used [0x00000000eae00000,0x00000000ebd48e00,0x00000000ebdd0000)
  from space 2688K, 0% used [0x00000000ec070000,0x00000000ec070000,0x00000000ec310000)
  to   space 2688K, 0% used [0x00000000ebdd0000,0x00000000ebdd0000,0x00000000ec070000)
 ParOldGen       total 43264K, used 0K [0x00000000c0a00000, 0x00000000c3440000, 0x00000000eae00000)
  object space 43264K, 0% used [0x00000000c0a00000,0x00000000c0a00000,0x00000000c3440000)
 PSPermGen       total 21248K, used 11500K [0x00000000bb800000, 0x00000000bccc0000, 0x00000000c0a00000)
  object space 21248K, 54% used [0x00000000bb800000,0x00000000bc33b2b8,0x00000000bccc0000)
Event: 0.631 GC heap after
Heap after GC invocations=1 (full 0):
 PSYoungGen      total 18880K, used 2682K [0x00000000eae00000, 0x00000000ed2e0000, 0x0000000100000000)
  eden space 16192K, 0% used [0x00000000eae00000,0x00000000eae00000,0x00000000ebdd0000)
  from space 2688K, 99% used [0x00000000ebdd0000,0x00000000ec06ebd0,0x00000000ec070000)
  to   space 2688K, 0% used [0x00000000ed040000,0x00000000ed040000,0x00000000ed2e0000)
 ParOldGen       total 43264K, used 800K [0x00000000c0a00000, 0x00000000c3440000, 0x00000000eae00000)
  object space 43264K, 1% used [0x00000000c0a00000,0x00000000c0ac8088,0x00000000c3440000)
 PSPermGen       total 21248K, used 11500K [0x00000000bb800000, 0x00000000bccc0000, 0x00000000c0a00000)
  object space 21248K, 54% used [0x00000000bb800000,0x00000000bc33b2b8,0x00000000bccc0000)
}
Event: 1.119 GC heap before
{Heap before GC invocations=2 (full 0):
 PSYoungGen      total 18880K, used 18874K [0x00000000eae00000, 0x00000000ed2e0000, 0x0000000100000000)
  eden space 16192K, 100% used [0x00000000eae00000,0x00000000ebdd0000,0x00000000ebdd0000)
  from space 2688K, 99% used [0x00000000ebdd0000,0x00000000ec06ebd0,0x00000000ec070000)
  to   space 2688K, 0% used [0x00000000ed040000,0x00000000ed040000,0x00000000ed2e0000)
 ParOldGen       total 43264K, used 800K [0x00000000c0a00000, 0x00000000c3440000, 0x00000000eae00000)
  object space 43264K, 1% used [0x00000000c0a00000,0x00000000c0ac8088,0x00000000c3440000)
 PSPermGen       total 21248K, used 15648K [0x00000000bb800000, 0x00000000bccc0000, 0x00000000c0a00000)
  object space 21248K, 73% used [0x00000000bb800000,0x00000000bc748030,0x00000000bccc0000)
Event: 1.128 GC heap after
Heap after GC invocations=2 (full 0):
 PSYoungGen      total 35072K, used 2680K [0x00000000eae00000, 0x00000000ed2e0000, 0x0000000100000000)
  eden space 32384K, 0% used [0x00000000eae00000,0x00000000eae00000,0x00000000ecda0000)
  from space 2688K, 99% used [0x00000000ed040000,0x00000000ed2de050,0x00000000ed2e0000)
  to   space 2688K, 0% used [0x00000000ecda0000,0x00000000ecda0000,0x00000000ed040000)
 ParOldGen       total 43264K, used 1739K [0x00000000c0a00000, 0x00000000c3440000, 0x00000000eae00000)
  object space 43264K, 4% used [0x00000000c0a00000,0x00000000c0bb2eb8,0x00000000c3440000)
 PSPermGen       total 21248K, used 15648K [0x00000000bb800000, 0x00000000bccc0000, 0x00000000c0a00000)
  object space 21248K, 73% used [0x00000000bb800000,0x00000000bc748030,0x00000000bccc0000)
}
Event: 1.432 GC heap before
{Heap before GC invocations=3 (full 0):
 PSYoungGen      total 35072K, used 34067K [0x00000000eae00000, 0x00000000ed2e0000, 0x0000000100000000)
  eden space 32384K, 96% used [0x00000000eae00000,0x00000000ecca6e38,0x00000000ecda0000)
  from space 2688K, 99% used [0x00000000ed040000,0x00000000ed2de050,0x00000000ed2e0000)
  to   space 2688K, 0% used [0x00000000ecda0000,0x00000000ecda0000,0x00000000ed040000)
 ParOldGen       total 43264K, used 1739K [0x00000000c0a00000, 0x00000000c3440000, 0x00000000eae00000)
  object space 43264K, 4% used [0x00000000c0a00000,0x00000000c0bb2eb8,0x00000000c3440000)
 PSPermGen       total 21248K, used 16235K [0x00000000bb800000, 0x00000000bccc0000, 0x00000000c0a00000)
  object space 21248K, 76% used [0x00000000bb800000,0x00000000bc7daf80,0x00000000bccc0000)
Event: 1.439 GC heap after
Heap after GC invocations=3 (full 0):
 PSYoungGen      total 35072K, used 2660K [0x00000000eae00000, 0x00000000ef280000, 0x0000000100000000)
  eden space 32384K, 0% used [0x00000000eae00000,0x00000000eae00000,0x00000000ecda0000)
  from space 2688K, 98% used [0x00000000ecda0000,0x00000000ed0393d8,0x00000000ed040000)
  to   space 2688K, 0% used [0x00000000eefe0000,0x00000000eefe0000,0x00000000ef280000)
 ParOldGen       total 43264K, used 10842K [0x00000000c0a00000, 0x00000000c3440000, 0x00000000eae00000)
  object space 43264K, 25% used [0x00000000c0a00000,0x00000000c1496908,0x00000000c3440000)
 PSPermGen       total 21248K, used 16235K [0x00000000bb800000, 0x00000000bccc0000, 0x00000000c0a00000)
  object space 21248K, 76% used [0x00000000bb800000,0x00000000bc7daf80,0x00000000bccc0000)
}
Event: 1.742 GC heap before
{Heap before GC invocations=4 (full 0):
 PSYoungGen      total 35072K, used 34270K [0x00000000eae00000, 0x00000000ef280000, 0x0000000100000000)
  eden space 32384K, 97% used [0x00000000eae00000,0x00000000eccde430,0x00000000ecda0000)
  from space 2688K, 98% used [0x00000000ecda0000,0x00000000ed0393d8,0x00000000ed040000)
  to   space 2688K, 0% used [0x00000000eefe0000,0x00000000eefe0000,0x00000000ef280000)
 ParOldGen       total 43264K, used 10842K [0x00000000c0a00000, 0x00000000c3440000, 0x00000000eae00000)
  object space 43264K, 25% used [0x00000000c0a00000,0x00000000c1496908,0x00000000c3440000)
 PSPermGen       total 21248K, used 16435K [0x00000000bb800000, 0x00000000bccc0000, 0x00000000c0a00000)
  object space 21248K, 77% used [0x00000000bb800000,0x00000000bc80cf88,0x00000000bccc0000)
Event: 1.749 GC heap after
Heap after GC invocations=4 (full 0):
 PSYoungGen      total 67456K, used 2668K [0x00000000eae00000, 0x00000000ef280000, 0x0000000100000000)
  eden space 64768K, 0% used [0x00000000eae00000,0x00000000eae00000,0x00000000eed40000)
  from space 2688K, 99% used [0x00000000eefe0000,0x00000000ef27b030,0x00000000ef280000)
  to   space 2688K, 0% used [0x00000000eed40000,0x00000000eed40000,0x00000000eefe0000)
 ParOldGen       total 43264K, used 25662K [0x00000000c0a00000, 0x00000000c3440000, 0x00000000eae00000)
  object space 43264K, 59% used [0x00000000c0a00000,0x00000000c230f8f8,0x00000000c3440000)
 PSPermGen       total 21248K, used 16435K [0x00000000bb800000, 0x00000000bccc0000, 0x00000000c0a00000)
  object space 21248K, 77% used [0x00000000bb800000,0x00000000bc80cf88,0x00000000bccc0000)
}

