# JRE version: 7.0_25-b17
# Java VM: Java HotSpot(TM) 64-Bit Server VM (23.25-b01 mixed mode windows-amd64 compressed oops)
Heap
 PSYoungGen      total 181504K, used 43272K [0x00000000eae00000, 0x00000000f9df0000, 0x0000000100000000)
  eden space 122432K, 2% used [0x00000000eae00000,0x00000000eb16c9a0,0x00000000f2590000)
  from space 59072K, 67% used [0x00000000f6190000,0x00000000f8865700,0x00000000f9b40000)
  to   space 61440K, 0% used [0x00000000f2590000,0x00000000f2590000,0x00000000f6190000)
 ParOldGen       total 282560K, used 208543K [0x00000000c0a00000, 0x00000000d1df0000, 0x00000000eae00000)
  object space 282560K, 73% used [0x00000000c0a00000,0x00000000cd5a7d80,0x00000000d1df0000)
 PSPermGen       total 32896K, used 18991K [0x00000000bb800000, 0x00000000bd820000, 0x00000000c0a00000)
  object space 32896K, 57% used [0x00000000bb800000,0x00000000bca8bd80,0x00000000bd820000)
GC Heap History (10 events):
Event: 6.135 GC heap before
{Heap before GC invocations=18 (full 4):
 PSYoungGen      total 107776K, used 104136K [0x00000000eae00000, 0x00000000f5b90000, 0x0000000100000000)
  eden space 74432K, 100% used [0x00000000eae00000,0x00000000ef6b0000,0x00000000ef6b0000)
  from space 33344K, 89% used [0x00000000ef6b0000,0x00000000f13b22d0,0x00000000f1740000)
  to   space 38720K, 0% used [0x00000000f35c0000,0x00000000f35c0000,0x00000000f5b90000)
 ParOldGen       total 282560K, used 171760K [0x00000000c0a00000, 0x00000000d1df0000, 0x00000000eae00000)
  object space 282560K, 60% used [0x00000000c0a00000,0x00000000cb1bc060,0x00000000d1df0000)
 PSPermGen       total 32896K, used 18355K [0x00000000bb800000, 0x00000000bd820000, 0x00000000c0a00000)
  object space 32896K, 55% used [0x00000000bb800000,0x00000000bc9ecfe8,0x00000000bd820000)
Event: 6.157 GC heap after
Heap after GC invocations=18 (full 4):
 PSYoungGen      total 132864K, used 38285K [0x00000000eae00000, 0x00000000f61f0000, 0x0000000100000000)
  eden space 94144K, 0% used [0x00000000eae00000,0x00000000eae00000,0x00000000f09f0000)
  from space 38720K, 98% used [0x00000000f35c0000,0x00000000f5b234f0,0x00000000f5b90000)
  to   space 44864K, 0% used [0x00000000f09f0000,0x00000000f09f0000,0x00000000f35c0000)
 ParOldGen       total 282560K, used 208543K [0x00000000c0a00000, 0x00000000d1df0000, 0x00000000eae00000)
  object space 282560K, 73% used [0x00000000c0a00000,0x00000000cd5a7d80,0x00000000d1df0000)
 PSPermGen       total 32896K, used 18355K [0x00000000bb800000, 0x00000000bd820000, 0x00000000c0a00000)
  object space 32896K, 55% used [0x00000000bb800000,0x00000000bc9ecfe8,0x00000000bd820000)
}
Event: 7.702 GC heap before
{Heap before GC invocations=19 (full 4):
 PSYoungGen      total 132864K, used 132068K [0x00000000eae00000, 0x00000000f61f0000, 0x0000000100000000)
  eden space 94144K, 99% used [0x00000000eae00000,0x00000000f0995cd0,0x00000000f09f0000)
  from space 38720K, 98% used [0x00000000f35c0000,0x00000000f5b234f0,0x00000000f5b90000)
  to   space 44864K, 0% used [0x00000000f09f0000,0x00000000f09f0000,0x00000000f35c0000)
 ParOldGen       total 282560K, used 208543K [0x00000000c0a00000, 0x00000000d1df0000, 0x00000000eae00000)
  object space 282560K, 73% used [0x00000000c0a00000,0x00000000cd5a7d80,0x00000000d1df0000)
 PSPermGen       total 32896K, used 18883K [0x00000000bb800000, 0x00000000bd820000, 0x00000000c0a00000)
  object space 32896K, 57% used [0x00000000bb800000,0x00000000bca70e08,0x00000000bd820000)
Event: 7.713 GC heap after
Heap after GC invocations=19 (full 4):
 PSYoungGen      total 139008K, used 40533K [0x00000000eae00000, 0x00000000f82a0000, 0x0000000100000000)
  eden space 94144K, 0% used [0x00000000eae00000,0x00000000eae00000,0x00000000f09f0000)
  from space 44864K, 90% used [0x00000000f09f0000,0x00000000f3185700,0x00000000f35c0000)
  to   space 50624K, 0% used [0x00000000f5130000,0x00000000f5130000,0x00000000f82a0000)
 ParOldGen       total 282560K, used 208543K [0x00000000c0a00000, 0x00000000d1df0000, 0x00000000eae00000)
  object space 282560K, 73% used [0x00000000c0a00000,0x00000000cd5a7d80,0x00000000d1df0000)
 PSPermGen       total 32896K, used 18883K [0x00000000bb800000, 0x00000000bd820000, 0x00000000c0a00000)
  object space 32896K, 57% used [0x00000000bb800000,0x00000000bca70e08,0x00000000bd820000)
}
Event: 9.677 GC heap before
{Heap before GC invocations=20 (full 4):
 PSYoungGen      total 139008K, used 134677K [0x00000000eae00000, 0x00000000f82a0000, 0x0000000100000000)
  eden space 94144K, 100% used [0x00000000eae00000,0x00000000f09f0000,0x00000000f09f0000)
  from space 44864K, 90% used [0x00000000f09f0000,0x00000000f3185700,0x00000000f35c0000)
  to   space 50624K, 0% used [0x00000000f5130000,0x00000000f5130000,0x00000000f82a0000)
 ParOldGen       total 282560K, used 208543K [0x00000000c0a00000, 0x00000000d1df0000, 0x00000000eae00000)
  object space 282560K, 73% used [0x00000000c0a00000,0x00000000cd5a7d80,0x00000000d1df0000)
 PSPermGen       total 32896K, used 18924K [0x00000000bb800000, 0x00000000bd820000, 0x00000000c0a00000)
  object space 32896K, 57% used [0x00000000bb800000,0x00000000bca7b078,0x00000000bd820000)
Event: 9.689 GC heap after
Heap after GC invocations=20 (full 4):
 PSYoungGen      total 162368K, used 41086K [0x00000000eae00000, 0x00000000f8910000, 0x0000000100000000)
  eden space 111744K, 0% used [0x00000000eae00000,0x00000000eae00000,0x00000000f1b20000)
  from space 50624K, 81% used [0x00000000f5130000,0x00000000f794f910,0x00000000f82a0000)
  to   space 55360K, 0% used [0x00000000f1b20000,0x00000000f1b20000,0x00000000f5130000)
 ParOldGen       total 282560K, used 208543K [0x00000000c0a00000, 0x00000000d1df0000, 0x00000000eae00000)
  object space 282560K, 73% used [0x00000000c0a00000,0x00000000cd5a7d80,0x00000000d1df0000)
 PSPermGen       total 32896K, used 18924K [0x00000000bb800000, 0x00000000bd820000, 0x00000000c0a00000)
  object space 32896K, 57% used [0x00000000bb800000,0x00000000bca7b078,0x00000000bd820000)
}
Event: 12.849 GC heap before
{Heap before GC invocations=21 (full 4):
 PSYoungGen      total 162368K, used 152830K [0x00000000eae00000, 0x00000000f8910000, 0x0000000100000000)
  eden space 111744K, 100% used [0x00000000eae00000,0x00000000f1b20000,0x00000000f1b20000)
  from space 50624K, 81% used [0x00000000f5130000,0x00000000f794f910,0x00000000f82a0000)
  to   space 55360K, 0% used [0x00000000f1b20000,0x00000000f1b20000,0x00000000f5130000)
 ParOldGen       total 282560K, used 208543K [0x00000000c0a00000, 0x00000000d1df0000, 0x00000000eae00000)
  object space 282560K, 73% used [0x00000000c0a00000,0x00000000cd5a7d80,0x00000000d1df0000)
 PSPermGen       total 32896K, used 18934K [0x00000000bb800000, 0x00000000bd820000, 0x00000000c0a00000)
  object space 32896K, 57% used [0x00000000bb800000,0x00000000bca7dac8,0x00000000bd820000)
Event: 12.860 GC heap after
Heap after GC invocations=21 (full 4):
 PSYoungGen      total 167104K, used 41150K [0x00000000eae00000, 0x00000000f9b40000, 0x0000000100000000)
  eden space 111744K, 0% used [0x00000000eae00000,0x00000000eae00000,0x00000000f1b20000)
  from space 55360K, 74% used [0x00000000f1b20000,0x00000000f434f910,0x00000000f5130000)
  to   space 59072K, 0% used [0x00000000f6190000,0x00000000f6190000,0x00000000f9b40000)
 ParOldGen       total 282560K, used 208543K [0x00000000c0a00000, 0x00000000d1df0000, 0x00000000eae00000)
  object space 282560K, 73% used [0x00000000c0a00000,0x00000000cd5a7d80,0x00000000d1df0000)
 PSPermGen       total 32896K, used 18934K [0x00000000bb800000, 0x00000000bd820000, 0x00000000c0a00000)
  object space 32896K, 57% used [0x00000000bb800000,0x00000000bca7dac8,0x00000000bd820000)
}
Event: 16.287 GC heap before
{Heap before GC invocations=22 (full 4):
 PSYoungGen      total 167104K, used 152894K [0x00000000eae00000, 0x00000000f9b40000, 0x0000000100000000)
  eden space 111744K, 100% used [0x00000000eae00000,0x00000000f1b20000,0x00000000f1b20000)
  from space 55360K, 74% used [0x00000000f1b20000,0x00000000f434f910,0x00000000f5130000)
  to   space 59072K, 0% used [0x00000000f6190000,0x00000000f6190000,0x00000000f9b40000)
 ParOldGen       total 282560K, used 208543K [0x00000000c0a00000, 0x00000000d1df0000, 0x00000000eae00000)
  object space 282560K, 73% used [0x00000000c0a00000,0x00000000cd5a7d80,0x00000000d1df0000)
 PSPermGen       total 32896K, used 18982K [0x00000000bb800000, 0x00000000bd820000, 0x00000000c0a00000)
  object space 32896K, 57% used [0x00000000bb800000,0x00000000bca898a0,0x00000000bd820000)
Event: 16.299 GC heap after
Heap after GC invocations=22 (full 4):
 PSYoungGen      total 181504K, used 39765K [0x00000000eae00000, 0x00000000f9df0000, 0x0000000100000000)
  eden space 122432K, 0% used [0x00000000eae00000,0x00000000eae00000,0x00000000f2590000)
  from space 59072K, 67% used [0x00000000f6190000,0x00000000f8865700,0x00000000f9b40000)
  to   space 61440K, 0% used [0x00000000f2590000,0x00000000f2590000,0x00000000f6190000)
 ParOldGen       total 282560K, used 208543K [0x00000000c0a00000, 0x00000000d1df0000, 0x00000000eae00000)
  object space 282560K, 73% used [0x00000000c0a00000,0x00000000cd5a7d80,0x00000000d1df0000)
 PSPermGen       total 32896K, used 18982K [0x00000000bb800000, 0x00000000bd820000, 0x00000000c0a00000)
  object space 32896K, 57% used [0x00000000bb800000,0x00000000bca898a0,0x00000000bd820000)
}

